build/app/intermediates/manifest_merge_blame_file/debug/manifest-merger-blame-debug-report.txt
1<?xml version="1.0" encoding="utf-8"?>
2<manifest xmlns:android="http://schemas.android.com/apk/res/android"
3    package="com.example.DJCloud"
4    android:versionCode="1"
5    android:versionName="1.0.0" >
6
7    <uses-sdk
8        android:minSdkVersion="20"
9        android:targetSdkVersion="29" />
10    <!--
11         Flutter needs it to communicate with the running application
12         to allow setting breakpoints, to provide hot reload, etc.
13    -->
14    <uses-permission android:name="android.permission.INTERNET" />
14-->src/debug/AndroidManifest.xml:6:5-66
14-->src/debug/AndroidManifest.xml:6:22-64
15    <uses-permission android:name="android.permission.CAMERA" /> <!-- Don't require camera, as this requires a rear camera. This allows it to work on the Nexus 7 -->
15-->[com.journeyapps:zxing-android-embedded:4.1.0] AndroidManifest.xml:22:5-65
15-->[com.journeyapps:zxing-android-embedded:4.1.0] AndroidManifest.xml:22:22-62
16    <uses-feature
16-->[com.journeyapps:zxing-android-embedded:4.1.0] AndroidManifest.xml:25:5-27:36
17        android:name="android.hardware.camera"
17-->[com.journeyapps:zxing-android-embedded:4.1.0] AndroidManifest.xml:26:9-47
18        android:required="false" />
18-->[com.journeyapps:zxing-android-embedded:4.1.0] AndroidManifest.xml:27:9-33
19    <uses-feature
19-->[com.journeyapps:zxing-android-embedded:4.1.0] AndroidManifest.xml:28:5-30:36
20        android:name="android.hardware.camera.front"
20-->[com.journeyapps:zxing-android-embedded:4.1.0] AndroidManifest.xml:29:9-53
21        android:required="false" /> <!-- TODO replace above two with next line after Android 4.2 -->
21-->[com.journeyapps:zxing-android-embedded:4.1.0] AndroidManifest.xml:30:9-33
22    <!-- <uses-feature android:name="android.hardware.camera.any"/> -->
23    <uses-feature
23-->[com.journeyapps:zxing-android-embedded:4.1.0] AndroidManifest.xml:33:5-35:36
24        android:name="android.hardware.camera.autofocus"
24-->[com.journeyapps:zxing-android-embedded:4.1.0] AndroidManifest.xml:34:9-57
25        android:required="false" />
25-->[com.journeyapps:zxing-android-embedded:4.1.0] AndroidManifest.xml:35:9-33
26    <uses-feature
26-->[com.journeyapps:zxing-android-embedded:4.1.0] AndroidManifest.xml:36:5-38:36
27        android:name="android.hardware.camera.flash"
27-->[com.journeyapps:zxing-android-embedded:4.1.0] AndroidManifest.xml:37:9-53
28        android:required="false" />
28-->[com.journeyapps:zxing-android-embedded:4.1.0] AndroidManifest.xml:38:9-33
29    <uses-feature
29-->[com.journeyapps:zxing-android-embedded:4.1.0] AndroidManifest.xml:39:5-41:36
30        android:name="android.hardware.screen.landscape"
30-->[com.journeyapps:zxing-android-embedded:4.1.0] AndroidManifest.xml:40:9-57
31        android:required="false" />
31-->[com.journeyapps:zxing-android-embedded:4.1.0] AndroidManifest.xml:41:9-33
32    <uses-feature
32-->[com.journeyapps:zxing-android-embedded:4.1.0] AndroidManifest.xml:42:5-44:36
33        android:name="android.hardware.wifi"
33-->[com.journeyapps:zxing-android-embedded:4.1.0] AndroidManifest.xml:43:9-45
34        android:required="false" />
34-->[com.journeyapps:zxing-android-embedded:4.1.0] AndroidManifest.xml:44:9-33
35    <!--
36 io.flutter.app.FlutterApplication is an android.app.Application that
37         calls FlutterMain.startInitialization(this); in its onCreate method.
38         In most cases you can leave this as-is, but you if you want to provide
39         additional functionality it is fine to subclass or reimplement
40         FlutterApplication and put your custom class here.
41    -->
42    <application
42-->src/main/AndroidManifest.xml:8:5-46:19
43        android:name="io.flutter.app.FlutterApplication"
43-->src/main/AndroidManifest.xml:9:9-57
44        android:appComponentFactory="androidx.core.app.CoreComponentFactory"
44-->[androidx.core:core:1.3.0] AndroidManifest.xml:24:18-86
45        android:debuggable="true"
46        android:icon="@mipmap/ic_launcher"
46-->src/main/AndroidManifest.xml:11:9-43
47        android:label="DJCloud" >
47-->src/main/AndroidManifest.xml:10:9-32
48        <activity
48-->src/main/AndroidManifest.xml:12:9-40:20
49            android:name="com.example.DJCloud.MainActivity"
49-->src/main/AndroidManifest.xml:13:13-41
50            android:configChanges="orientation|keyboardHidden|keyboard|screenSize|smallestScreenSize|locale|layoutDirection|fontScale|screenLayout|density|uiMode"
50-->src/main/AndroidManifest.xml:16:13-163
51            android:hardwareAccelerated="true"
51-->src/main/AndroidManifest.xml:17:13-47
52            android:launchMode="singleTop"
52-->src/main/AndroidManifest.xml:14:13-43
53            android:theme="@style/LaunchTheme"
53-->src/main/AndroidManifest.xml:15:13-47
54            android:windowSoftInputMode="adjustResize" >
54-->src/main/AndroidManifest.xml:18:13-55
55
56            <!--
57                 Specifies an Android theme to apply to this Activity as soon as
58                 the Android process has started. This theme is visible to the user
59                 while the Flutter UI initializes. After that, this theme continues
60                 to determine the Window background behind the Flutter UI.
61            -->
62            <meta-data
62-->src/main/AndroidManifest.xml:23:13-26:17
63                android:name="io.flutter.embedding.android.NormalTheme"
63-->src/main/AndroidManifest.xml:24:15-70
64                android:resource="@style/NormalTheme" />
64-->src/main/AndroidManifest.xml:25:15-52
65            <!--
66                 Displays an Android View that continues showing the launch screen
67                 Drawable until Flutter paints its first frame, then this splash
68                 screen fades out. A splash screen is useful to avoid any visual
69                 gap between the end of Android's launch screen and the painting of
70                 Flutter's first frame.
71            -->
72            <meta-data
72-->src/main/AndroidManifest.xml:32:13-35:17
73                android:name="io.flutter.embedding.android.SplashScreenDrawable"
73-->src/main/AndroidManifest.xml:33:15-79
74                android:resource="@drawable/launch_background" />
74-->src/main/AndroidManifest.xml:34:15-61
75
76            <intent-filter>
76-->src/main/AndroidManifest.xml:36:13-39:29
77                <action android:name="android.intent.action.MAIN" />
77-->src/main/AndroidManifest.xml:37:17-68
77-->src/main/AndroidManifest.xml:37:25-66
78
79                <category android:name="android.intent.category.LAUNCHER" />
79-->src/main/AndroidManifest.xml:38:17-76
79-->src/main/AndroidManifest.xml:38:27-74
80            </intent-filter>
81        </activity>
82        <!--
83             Don't delete the meta-data below.
84             This is used by the Flutter tool to generate GeneratedPluginRegistrant.java
85        -->
86        <meta-data
86-->src/main/AndroidManifest.xml:43:9-45:33
87            android:name="flutterEmbedding"
87-->src/main/AndroidManifest.xml:44:13-44
88            android:value="2" />
88-->src/main/AndroidManifest.xml:45:13-30
89
90        <activity
90-->[com.journeyapps:zxing-android-embedded:4.1.0] AndroidManifest.xml:47:9-53:63
91            android:name="com.journeyapps.barcodescanner.CaptureActivity"
91-->[com.journeyapps:zxing-android-embedded:4.1.0] AndroidManifest.xml:48:13-74
92            android:clearTaskOnLaunch="true"
92-->[com.journeyapps:zxing-android-embedded:4.1.0] AndroidManifest.xml:49:13-45
93            android:screenOrientation="sensorLandscape"
93-->[com.journeyapps:zxing-android-embedded:4.1.0] AndroidManifest.xml:50:13-56
94            android:stateNotNeeded="true"
94-->[com.journeyapps:zxing-android-embedded:4.1.0] AndroidManifest.xml:51:13-42
95            android:theme="@style/zxing_CaptureTheme"
95-->[com.journeyapps:zxing-android-embedded:4.1.0] AndroidManifest.xml:52:13-54
96            android:windowSoftInputMode="stateAlwaysHidden" />
96-->[com.journeyapps:zxing-android-embedded:4.1.0] AndroidManifest.xml:53:13-60
97    </application>
98
99</manifest>